core/build/outputs/mapping/debug/seeds.txt
com.dicoding.tourismapp.core.R$attr: int labelStyle
com.dicoding.tourismapp.core.R$styleable: int ConstraintLayout_Layout_android_paddingBottom
com.dicoding.tourismapp.core.R$plurals: int mtrl_badge_content_description
com.dicoding.tourismapp.core.R$styleable: int FloatingActionButton_fabSize
com.dicoding.tourismapp.core.R$color: int mtrl_on_primary_text_btn_text_color_selector
com.dicoding.tourismapp.core.R$style: int Base_TextAppearance_AppCompat_Title_Inverse
com.dicoding.tourismapp.core.R$attr: int actionModeBackground
com.dicoding.tourismapp.core.R$styleable: int[] ActionMenuItemView
com.dicoding.tourismapp.core.R$drawable: int abc_seekbar_tick_mark_material
com.dicoding.tourismapp.core.R$style: int ThemeOverlay_MaterialComponents_AutoCompleteTextView_FilledBox
com.dicoding.tourismapp.core.R$styleable: int AppCompatTheme_listPreferredItemHeightLarge
com.dicoding.tourismapp.core.R$styleable: int CompoundButton_buttonTintMode
com.dicoding.tourismapp.core.R$styleable: int Constraint_constraint_referenced_ids
com.dicoding.tourismapp.core.R$style: int Theme_MaterialComponents_Light
com.dicoding.tourismapp.core.R$styleable: int FontFamilyFont_android_fontVariationSettings
com.dicoding.tourismapp.core.R$id: int actions
com.dicoding.tourismapp.core.R$bool
com.dicoding.tourismapp.core.R$styleable: int FontFamilyFont_fontStyle
com.dicoding.tourismapp.core.R$style: R$style()
com.dicoding.tourismapp.core.R$attr: int expandedTitleTextAppearance
com.dicoding.tourismapp.core.R$string: int mtrl_picker_announce_current_selection
com.dicoding.tourismapp.core.R$styleable: int Transform_android_transformPivotX
com.dicoding.tourismapp.core.R$id: int mtrl_calendar_main_pane
com.dicoding.tourismapp.core.R$attr: int fabCradleRoundedCornerRadius
com.dicoding.tourismapp.core.R$attr: int passwordToggleTintMode
com.dicoding.tourismapp.core.R$styleable: int Layout_layout_constraintHeight_min
com.dicoding.tourismapp.core.R$style: int Theme_AppCompat_Light_DarkActionBar
com.dicoding.tourismapp.core.R$dimen: int mtrl_card_checked_icon_size
com.dicoding.tourismapp.core.R$styleable: int TextInputLayout_android_textColorHint
com.dicoding.tourismapp.core.R$style: int Theme_MaterialComponents_DayNight_Dialog_Alert_Bridge
com.dicoding.tourismapp.core.R$string: int password_toggle_content_description
com.dicoding.tourismapp.core.R$styleable: int Constraint_layout_constraintHorizontal_chainStyle
com.dicoding.tourismapp.core.R$dimen: int mtrl_extended_fab_disabled_elevation
com.dicoding.tourismapp.core.R$style: int Base_V28_Theme_AppCompat_Light
com.dicoding.tourismapp.core.R$style: int Widget_MaterialComponents_MaterialCalendar_Year_Today
com.dicoding.tourismapp.core.R$id: int accessibility_custom_action_6
com.dicoding.tourismapp.core.R$styleable: int ConstraintSet_layout_goneMarginLeft
com.dicoding.tourismapp.core.R$attr: int touchAnchorSide
com.dicoding.tourismapp.core.R$attr: int state_above_anchor
com.dicoding.tourismapp.core.R$dimen: int abc_dialog_fixed_width_major
com.dicoding.tourismapp.core.R$attr: int expandActivityOverflowButtonDrawable
com.dicoding.tourismapp.core.R$style: int Base_Theme_MaterialComponents
com.dicoding.tourismapp.core.R$attr: int popupTheme
com.dicoding.tourismapp.core.R$attr: int buttonTint
com.dicoding.tourismapp.core.R$styleable: int Layout_layout_goneMarginStart
com.dicoding.tourismapp.core.R$dimen: int abc_cascading_menus_min_smallest_width
com.dicoding.tourismapp.core.R$styleable: int TabLayout_tabBackground
com.dicoding.tourismapp.core.R$id: int screen
com.dicoding.tourismapp.core.R$style: int Base_MaterialAlertDialog_MaterialComponents_Title_Panel
com.dicoding.tourismapp.core.R$style: int Base_Widget_AppCompat_TextView
com.dicoding.tourismapp.core.R$style: int TextAppearance_AppCompat_Light_Widget_PopupMenu_Small
com.dicoding.tourismapp.core.R$style: int TextAppearance_MaterialComponents_Subtitle2
com.dicoding.tourismapp.core.R$styleable: int[] MockView
com.dicoding.tourismapp.core.R$dimen: int abc_text_size_small_material